<?xml version="1.0" encoding="UTF-8"?>
<!-- Generated by org.testng.reporters.JUnitXMLReporter -->
<testsuite ignored="0" hostname="LAPTOP-AK3TFJP9" failures="0" tests="5" name="Default test" time="126.204" errors="0" timestamp="2026-06-30T14:26:24 HADT">
  <testcase classname="mytestcases.myTestCase" name="FTSignUp" time="8.968"/>
  <testcase classname="mytestcases.myTestCase" name="logout" time="1.228"/>
  <testcase classname="mytestcases.myTestCase" name="login" time="6.085"/>
  <testcase classname="mytestcases.myTestCase" name="AddAllItems" time="105.138"/>
  <testcase classname="mytestcases.myTestCase" name="PrintCartItemsNames" time="0.341"/>
</testsuite> <!-- Default test -->
